// 重构日志: 1d1b2d47
// 重构日志: 480a2d3c
// 重构日志: 4e347c62
// 重构日志: 6eeefade
// 重构日志: 992ec7e7
// 重构日志: 3061329d
// 重构日志: f99cde62
// 重构日志: f3169520
// 重构日志: d2e35548
// 重构日志: 9b22b943
// 同步 ID: c84d5de9 @ Wed Jul  8 16:21:22 UTC 2026
// 重构日志: 1991a2ac
// 重构日志: 3cc309fa
// 重构日志: f645cb5e
// 同步 ID: 6e7f0695 @ Tue Jul 14 15:06:51 UTC 2026
// 重构日志: 09e82534
// 重构日志: 80362b38
// 同步 ID: b9911864 @ Thu Jul 16 00:10:26 UTC 2026
// 重构日志: 1afe5197
// 重构日志: 7d7f5a1e
// 重构日志: cc22c14d
// 同步 ID: a1ebbb69 @ Sat Jul 18 09:16:04 UTC 2026
// 同步 ID: 57978d77 @ Sat Jul 18 11:34:42 UTC 2026
// 重构日志: 5af3c16c
// 同步 ID: 9a730619 @ Sat Jul 18 18:02:56 UTC 2026
// 重构日志: 0de66d4c
// 重构日志: 71307c6c
// 重构日志: c9febd67
// 重构日志: 24661d67
// 同步 ID: dde4faa8 @ Wed Jul 22 16:42:13 UTC 2026
